This file contains any messages produced by compilers while
running configure, to aid debugging if configure makes a mistake.

It was created by n-store configure 0.1, which was
generated by GNU Autoconf 2.69.  Invocation command line was

  $ ./configure 

## --------- ##
## Platform. ##
## --------- ##

hostname = aim-PowerEdge-R740
uname -m = x86_64
uname -r = 5.4.0-42-generic
uname -s = Linux
uname -v = #46~18.04.1-Ubuntu SMP Fri Jul 10 07:21:24 UTC 2020

/usr/bin/uname -p = unknown
/bin/uname -X     = unknown

/bin/arch              = unknown
/usr/bin/arch -k       = unknown
/usr/convex/getsysinfo = unknown
/usr/bin/hostinfo      = unknown
/bin/machine           = unknown
/usr/bin/oslevel       = unknown
/bin/universe          = unknown

PATH: /home/aim/.local/bin
PATH: /home/aim/anaconda3/bin
PATH: /home/aim/anaconda3/condabin
PATH: /usr/lib
PATH: /usr/lib64
PATH: /usr/local/lib
PATH: /usr/local/lib64
PATH: /usr/local/sbin
PATH: /usr/local/bin
PATH: /usr/sbin
PATH: /usr/bin
PATH: /sbin
PATH: /bin
PATH: /usr/games
PATH: /usr/local/games
PATH: /snap/bin
PATH: /usr/local/go/bin
PATH: /home/aim/work/bin


## ----------- ##
## Core tests. ##
## ----------- ##

configure:2310: checking for a BSD-compatible install
configure:2378: result: /usr/bin/install -c
configure:2389: checking whether build environment is sane
configure:2444: result: yes
configure:2595: checking for a thread-safe mkdir -p
configure:2634: result: /bin/mkdir -p
configure:2641: checking for gawk
configure:2657: found /usr/bin/gawk
configure:2668: result: gawk
configure:2679: checking whether make sets $(MAKE)
configure:2701: result: yes
configure:2730: checking whether make supports nested variables
configure:2747: result: yes
configure:2922: checking for gcc
configure:2938: found /usr/bin/gcc
configure:2949: result: gcc
configure:3178: checking for C compiler version
configure:3187: gcc --version >&5
gcc (Ubuntu 9.2.1-19ubuntu1~18.04.york0) 9.2.1 20191109
Copyright (C) 2019 Free Software Foundation, Inc.
This is free software; see the source for copying conditions.  There is NO
warranty; not even for MERCHANTABILITY or FITNESS FOR A PARTICULAR PURPOSE.

configure:3198: $? = 0
configure:3187: gcc -v >&5
Using built-in specs.
COLLECT_GCC=gcc
COLLECT_LTO_WRAPPER=/usr/lib/gcc/x86_64-linux-gnu/9/lto-wrapper
OFFLOAD_TARGET_NAMES=nvptx-none:hsa
OFFLOAD_TARGET_DEFAULT=1
Target: x86_64-linux-gnu
Configured with: ../src/configure -v --with-pkgversion='Ubuntu 9.2.1-19ubuntu1~18.04.york0' --with-bugurl=file:///usr/share/doc/gcc-9/README.Bugs --enable-languages=c,ada,c++,go,brig,d,fortran,objc,obj-c++,gm2 --prefix=/usr --with-gcc-major-version-only --program-suffix=-9 --program-prefix=x86_64-linux-gnu- --enable-shared --enable-linker-build-id --libexecdir=/usr/lib --without-included-gettext --enable-threads=posix --libdir=/usr/lib --enable-nls --enable-clocale=gnu --enable-libstdcxx-debug --enable-libstdcxx-time=yes --with-default-libstdcxx-abi=new --enable-gnu-unique-object --disable-vtable-verify --enable-plugin --enable-default-pie --with-system-zlib --with-target-system-zlib=auto --enable-objc-gc=auto --enable-multiarch --disable-werror --with-arch-32=i686 --with-abi=m64 --with-multilib-list=m32,m64,mx32 --enable-multilib --with-tune=generic --enable-offload-targets=nvptx-none,hsa --without-cuda-driver --enable-checking=release --build=x86_64-linux-gnu --host=x86_64-linux-gnu --target=x86_64-linux-gnu
Thread model: posix
gcc version 9.2.1 20191109 (Ubuntu 9.2.1-19ubuntu1~18.04.york0) 
configure:3198: $? = 0
configure:3187: gcc -V >&5
gcc: error: unrecognized command line option '-V'
gcc: fatal error: no input files
compilation terminated.
configure:3198: $? = 1
configure:3187: gcc -qversion >&5
gcc: error: unrecognized command line option '-qversion'; did you mean '--version'?
gcc: fatal error: no input files
compilation terminated.
configure:3198: $? = 1
configure:3218: checking whether the C compiler works
configure:3240: gcc    conftest.c  >&5
configure:3244: $? = 0
configure:3292: result: yes
configure:3295: checking for C compiler default output file name
configure:3297: result: a.out
configure:3303: checking for suffix of executables
configure:3310: gcc -o conftest    conftest.c  >&5
configure:3314: $? = 0
configure:3336: result: 
configure:3358: checking whether we are cross compiling
configure:3366: gcc -o conftest    conftest.c  >&5
configure:3370: $? = 0
configure:3377: ./conftest
configure:3381: $? = 0
configure:3396: result: no
configure:3401: checking for suffix of object files
configure:3423: gcc -c   conftest.c >&5
configure:3427: $? = 0
configure:3448: result: o
configure:3452: checking whether we are using the GNU C compiler
configure:3471: gcc -c   conftest.c >&5
configure:3471: $? = 0
configure:3480: result: yes
configure:3489: checking whether gcc accepts -g
configure:3509: gcc -c -g  conftest.c >&5
configure:3509: $? = 0
configure:3550: result: yes
configure:3567: checking for gcc option to accept ISO C89
configure:3630: gcc  -c -g -O2  conftest.c >&5
configure:3630: $? = 0
configure:3643: result: none needed
configure:3668: checking whether gcc understands -c and -o together
configure:3690: gcc -c conftest.c -o conftest2.o
configure:3693: $? = 0
configure:3690: gcc -c conftest.c -o conftest2.o
configure:3693: $? = 0
configure:3705: result: yes
configure:3733: checking for style of include used by make
configure:3761: result: GNU
configure:3787: checking dependency style of gcc
configure:3898: result: gcc3
configure:3976: checking for g++
configure:3992: found /usr/bin/g++
configure:4003: result: g++
configure:4030: checking for C++ compiler version
configure:4039: g++ --version >&5
g++ (Ubuntu 9.2.1-19ubuntu1~18.04.york0) 9.2.1 20191109
Copyright (C) 2019 Free Software Foundation, Inc.
This is free software; see the source for copying conditions.  There is NO
warranty; not even for MERCHANTABILITY or FITNESS FOR A PARTICULAR PURPOSE.

configure:4050: $? = 0
configure:4039: g++ -v >&5
Using built-in specs.
COLLECT_GCC=g++
COLLECT_LTO_WRAPPER=/usr/lib/gcc/x86_64-linux-gnu/9/lto-wrapper
OFFLOAD_TARGET_NAMES=nvptx-none:hsa
OFFLOAD_TARGET_DEFAULT=1
Target: x86_64-linux-gnu
Configured with: ../src/configure -v --with-pkgversion='Ubuntu 9.2.1-19ubuntu1~18.04.york0' --with-bugurl=file:///usr/share/doc/gcc-9/README.Bugs --enable-languages=c,ada,c++,go,brig,d,fortran,objc,obj-c++,gm2 --prefix=/usr --with-gcc-major-version-only --program-suffix=-9 --program-prefix=x86_64-linux-gnu- --enable-shared --enable-linker-build-id --libexecdir=/usr/lib --without-included-gettext --enable-threads=posix --libdir=/usr/lib --enable-nls --enable-clocale=gnu --enable-libstdcxx-debug --enable-libstdcxx-time=yes --with-default-libstdcxx-abi=new --enable-gnu-unique-object --disable-vtable-verify --enable-plugin --enable-default-pie --with-system-zlib --with-target-system-zlib=auto --enable-objc-gc=auto --enable-multiarch --disable-werror --with-arch-32=i686 --with-abi=m64 --with-multilib-list=m32,m64,mx32 --enable-multilib --with-tune=generic --enable-offload-targets=nvptx-none,hsa --without-cuda-driver --enable-checking=release --build=x86_64-linux-gnu --host=x86_64-linux-gnu --target=x86_64-linux-gnu
Thread model: posix
gcc version 9.2.1 20191109 (Ubuntu 9.2.1-19ubuntu1~18.04.york0) 
configure:4050: $? = 0
configure:4039: g++ -V >&5
g++: error: unrecognized command line option '-V'
g++: fatal error: no input files
compilation terminated.
configure:4050: $? = 1
configure:4039: g++ -qversion >&5
g++: error: unrecognized command line option '-qversion'; did you mean '--version'?
g++: fatal error: no input files
compilation terminated.
configure:4050: $? = 1
configure:4054: checking whether we are using the GNU C++ compiler
configure:4073: g++ -c -ggdb -O3 -D_ENABLE_FTRACE  conftest.cpp >&5
configure:4073: $? = 0
configure:4082: result: yes
configure:4091: checking whether g++ accepts -g
configure:4111: g++ -c -g  conftest.cpp >&5
configure:4111: $? = 0
configure:4152: result: yes
configure:4177: checking dependency style of g++
configure:4288: result: gcc3
configure:4332: checking build system type
configure:4346: result: x86_64-pc-linux-gnu
configure:4366: checking host system type
configure:4379: result: x86_64-pc-linux-gnu
configure:4420: checking how to print strings
configure:4447: result: printf
configure:4468: checking for a sed that does not truncate output
configure:4532: result: /bin/sed
configure:4550: checking for grep that handles long lines and -e
configure:4608: result: /bin/grep
configure:4613: checking for egrep
configure:4675: result: /bin/grep -E
configure:4680: checking for fgrep
configure:4742: result: /bin/grep -F
configure:4777: checking for ld used by gcc
configure:4844: result: /usr/bin/ld
configure:4851: checking if the linker (/usr/bin/ld) is GNU ld
configure:4866: result: yes
configure:4878: checking for BSD- or MS-compatible name lister (nm)
configure:4932: result: /usr/bin/nm -B
configure:5062: checking the name lister (/usr/bin/nm -B) interface
configure:5069: gcc -c -g -O2  conftest.c >&5
configure:5072: /usr/bin/nm -B "conftest.o"
configure:5075: output
0000000000000000 B some_variable
configure:5082: result: BSD nm
configure:5085: checking whether ln -s works
configure:5089: result: yes
configure:5097: checking the maximum length of command line arguments
configure:5228: result: 1572864
configure:5276: checking how to convert x86_64-pc-linux-gnu file names to x86_64-pc-linux-gnu format
configure:5316: result: func_convert_file_noop
configure:5323: checking how to convert x86_64-pc-linux-gnu file names to toolchain format
configure:5343: result: func_convert_file_noop
configure:5350: checking for /usr/bin/ld option to reload object files
configure:5357: result: -r
configure:5431: checking for objdump
configure:5447: found /usr/bin/objdump
configure:5458: result: objdump
configure:5490: checking how to recognize dependent libraries
configure:5690: result: pass_all
configure:5775: checking for dlltool
configure:5805: result: no
configure:5835: checking how to associate runtime and link libraries
configure:5862: result: printf %s\n
configure:5923: checking for ar
configure:5939: found /usr/bin/ar
configure:5950: result: ar
configure:5987: checking for archiver @FILE support
configure:6004: gcc -c -g -O2  conftest.c >&5
configure:6004: $? = 0
configure:6007: ar cru libconftest.a @conftest.lst >&5
ar: `u' modifier ignored since `D' is the default (see `U')
configure:6010: $? = 0
configure:6015: ar cru libconftest.a @conftest.lst >&5
ar: `u' modifier ignored since `D' is the default (see `U')
ar: conftest.o: No such file or directory
configure:6018: $? = 1
configure:6030: result: @
configure:6088: checking for strip
configure:6104: found /usr/bin/strip
configure:6115: result: strip
configure:6187: checking for ranlib
configure:6203: found /usr/bin/ranlib
configure:6214: result: ranlib
configure:6316: checking command to parse /usr/bin/nm -B output from gcc object
configure:6469: gcc -c -g -O2  conftest.c >&5
configure:6472: $? = 0
configure:6476: /usr/bin/nm -B conftest.o \| sed -n -e 's/^.*[ ]\([ABCDGIRSTW][ABCDGIRSTW]*\)[ ][ ]*\([_A-Za-z][_A-Za-z0-9]*\)$/\1 \2 \2/p' | sed '/ __gnu_lto/d' \> conftest.nm
configure:6479: $? = 0
configure:6545: gcc -o conftest -g -O2   conftest.c conftstm.o >&5
configure:6548: $? = 0
configure:6586: result: ok
configure:6633: checking for sysroot
configure:6663: result: no
configure:6670: checking for a working dd
configure:6708: result: /bin/dd
configure:6712: checking how to truncate binary pipes
configure:6727: result: /bin/dd bs=4096 count=1
configure:6863: gcc -c -g -O2  conftest.c >&5
configure:6866: $? = 0
configure:7056: checking for mt
configure:7072: found /bin/mt
configure:7083: result: mt
configure:7106: checking if mt is a manifest tool
configure:7112: mt '-?'
configure:7120: result: no
configure:7797: checking how to run the C preprocessor
configure:7828: gcc -E  conftest.c
configure:7828: $? = 0
configure:7842: gcc -E  conftest.c
conftest.c:11:10: fatal error: ac_nonexistent.h: No such file or directory
   11 | #include <ac_nonexistent.h>
      |          ^~~~~~~~~~~~~~~~~~
compilation terminated.
configure:7842: $? = 1
configure: failed program was:
| /* confdefs.h */
| #define PACKAGE_NAME "n-store"
| #define PACKAGE_TARNAME "n-store"
| #define PACKAGE_VERSION "0.1"
| #define PACKAGE_STRING "n-store 0.1"
| #define PACKAGE_BUGREPORT "xyz@cs.cmu.edu"
| #define PACKAGE_URL ""
| #define PACKAGE "n-store"
| #define VERSION "0.1"
| /* end confdefs.h.  */
| #include <ac_nonexistent.h>
configure:7867: result: gcc -E
configure:7887: gcc -E  conftest.c
configure:7887: $? = 0
configure:7901: gcc -E  conftest.c
conftest.c:11:10: fatal error: ac_nonexistent.h: No such file or directory
   11 | #include <ac_nonexistent.h>
      |          ^~~~~~~~~~~~~~~~~~
compilation terminated.
configure:7901: $? = 1
configure: failed program was:
| /* confdefs.h */
| #define PACKAGE_NAME "n-store"
| #define PACKAGE_TARNAME "n-store"
| #define PACKAGE_VERSION "0.1"
| #define PACKAGE_STRING "n-store 0.1"
| #define PACKAGE_BUGREPORT "xyz@cs.cmu.edu"
| #define PACKAGE_URL ""
| #define PACKAGE "n-store"
| #define VERSION "0.1"
| /* end confdefs.h.  */
| #include <ac_nonexistent.h>
configure:7930: checking for ANSI C header files
configure:7950: gcc -c -g -O2  conftest.c >&5
configure:7950: $? = 0
configure:8023: gcc -o conftest -g -O2   conftest.c  >&5
configure:8023: $? = 0
configure:8023: ./conftest
configure:8023: $? = 0
configure:8034: result: yes
configure:8047: checking for sys/types.h
configure:8047: gcc -c -g -O2  conftest.c >&5
configure:8047: $? = 0
configure:8047: result: yes
configure:8047: checking for sys/stat.h
configure:8047: gcc -c -g -O2  conftest.c >&5
configure:8047: $? = 0
configure:8047: result: yes
configure:8047: checking for stdlib.h
configure:8047: gcc -c -g -O2  conftest.c >&5
configure:8047: $? = 0
configure:8047: result: yes
configure:8047: checking for string.h
configure:8047: gcc -c -g -O2  conftest.c >&5
configure:8047: $? = 0
configure:8047: result: yes
configure:8047: checking for memory.h
configure:8047: gcc -c -g -O2  conftest.c >&5
configure:8047: $? = 0
configure:8047: result: yes
configure:8047: checking for strings.h
configure:8047: gcc -c -g -O2  conftest.c >&5
configure:8047: $? = 0
configure:8047: result: yes
configure:8047: checking for inttypes.h
configure:8047: gcc -c -g -O2  conftest.c >&5
configure:8047: $? = 0
configure:8047: result: yes
configure:8047: checking for stdint.h
configure:8047: gcc -c -g -O2  conftest.c >&5
configure:8047: $? = 0
configure:8047: result: yes
configure:8047: checking for unistd.h
configure:8047: gcc -c -g -O2  conftest.c >&5
configure:8047: $? = 0
configure:8047: result: yes
configure:8061: checking for dlfcn.h
configure:8061: gcc -c -g -O2  conftest.c >&5
configure:8061: $? = 0
configure:8061: result: yes
configure:8328: checking for objdir
configure:8343: result: .libs
configure:8607: checking if gcc supports -fno-rtti -fno-exceptions
configure:8625: gcc -c -g -O2  -fno-rtti -fno-exceptions conftest.c >&5
cc1: warning: command line option '-fno-rtti' is valid for C++/D/ObjC++ but not for C
configure:8629: $? = 0
configure:8642: result: no
configure:9000: checking for gcc option to produce PIC
configure:9007: result: -fPIC -DPIC
configure:9015: checking if gcc PIC flag -fPIC -DPIC works
configure:9033: gcc -c -g -O2  -fPIC -DPIC -DPIC conftest.c >&5
configure:9037: $? = 0
configure:9050: result: yes
configure:9079: checking if gcc static flag -static works
configure:9107: result: yes
configure:9122: checking if gcc supports -c -o file.o
configure:9143: gcc -c -g -O2  -o out/conftest2.o conftest.c >&5
configure:9147: $? = 0
configure:9169: result: yes
configure:9177: checking if gcc supports -c -o file.o
configure:9224: result: yes
configure:9257: checking whether the gcc linker (/usr/bin/ld -m elf_x86_64) supports shared libraries
configure:10516: result: yes
configure:10553: checking whether -lc should be explicitly linked in
configure:10561: gcc -c -g -O2  conftest.c >&5
configure:10564: $? = 0
configure:10579: gcc -shared  -fPIC -DPIC conftest.o  -v -Wl,-soname -Wl,conftest -o conftest 2\>\&1 \| /bin/grep  -lc  \>/dev/null 2\>\&1
configure:10582: $? = 0
configure:10596: result: no
configure:10756: checking dynamic linker characteristics
configure:11337: gcc -o conftest -g -O2   -Wl,-rpath -Wl,/foo conftest.c  >&5
configure:11337: $? = 0
configure:11574: result: GNU/Linux ld.so
configure:11696: checking how to hardcode library paths into programs
configure:11721: result: immediate
configure:12269: checking whether stripping libraries is possible
configure:12274: result: yes
configure:12309: checking if libtool supports shared libraries
configure:12311: result: yes
configure:12314: checking whether to build shared libraries
configure:12339: result: yes
configure:12342: checking whether to build static libraries
configure:12346: result: yes
configure:12369: checking how to run the C++ preprocessor
configure:12396: g++ -E  conftest.cpp
configure:12396: $? = 0
configure:12410: g++ -E  conftest.cpp
conftest.cpp:23:10: fatal error: ac_nonexistent.h: No such file or directory
   23 | #include <ac_nonexistent.h>
      |          ^~~~~~~~~~~~~~~~~~
compilation terminated.
configure:12410: $? = 1
configure: failed program was:
| /* confdefs.h */
| #define PACKAGE_NAME "n-store"
| #define PACKAGE_TARNAME "n-store"
| #define PACKAGE_VERSION "0.1"
| #define PACKAGE_STRING "n-store 0.1"
| #define PACKAGE_BUGREPORT "xyz@cs.cmu.edu"
| #define PACKAGE_URL ""
| #define PACKAGE "n-store"
| #define VERSION "0.1"
| #define STDC_HEADERS 1
| #define HAVE_SYS_TYPES_H 1
| #define HAVE_SYS_STAT_H 1
| #define HAVE_STDLIB_H 1
| #define HAVE_STRING_H 1
| #define HAVE_MEMORY_H 1
| #define HAVE_STRINGS_H 1
| #define HAVE_INTTYPES_H 1
| #define HAVE_STDINT_H 1
| #define HAVE_UNISTD_H 1
| #define HAVE_DLFCN_H 1
| #define LT_OBJDIR ".libs/"
| /* end confdefs.h.  */
| #include <ac_nonexistent.h>
configure:12435: result: g++ -E
configure:12455: g++ -E  conftest.cpp
configure:12455: $? = 0
configure:12469: g++ -E  conftest.cpp
conftest.cpp:23:10: fatal error: ac_nonexistent.h: No such file or directory
   23 | #include <ac_nonexistent.h>
      |          ^~~~~~~~~~~~~~~~~~
compilation terminated.
configure:12469: $? = 1
configure: failed program was:
| /* confdefs.h */
| #define PACKAGE_NAME "n-store"
| #define PACKAGE_TARNAME "n-store"
| #define PACKAGE_VERSION "0.1"
| #define PACKAGE_STRING "n-store 0.1"
| #define PACKAGE_BUGREPORT "xyz@cs.cmu.edu"
| #define PACKAGE_URL ""
| #define PACKAGE "n-store"
| #define VERSION "0.1"
| #define STDC_HEADERS 1
| #define HAVE_SYS_TYPES_H 1
| #define HAVE_SYS_STAT_H 1
| #define HAVE_STDLIB_H 1
| #define HAVE_STRING_H 1
| #define HAVE_MEMORY_H 1
| #define HAVE_STRINGS_H 1
| #define HAVE_INTTYPES_H 1
| #define HAVE_STDINT_H 1
| #define HAVE_UNISTD_H 1
| #define HAVE_DLFCN_H 1
| #define LT_OBJDIR ".libs/"
| /* end confdefs.h.  */
| #include <ac_nonexistent.h>
configure:12631: checking for ld used by g++
configure:12698: result: /usr/bin/ld -m elf_x86_64
configure:12705: checking if the linker (/usr/bin/ld -m elf_x86_64) is GNU ld
configure:12720: result: yes
configure:12775: checking whether the g++ linker (/usr/bin/ld -m elf_x86_64) supports shared libraries
configure:13848: result: yes
configure:13884: g++ -c -ggdb -O3 -D_ENABLE_FTRACE  conftest.cpp >&5
configure:13887: $? = 0
configure:14368: checking for g++ option to produce PIC
configure:14375: result: -fPIC -DPIC
configure:14383: checking if g++ PIC flag -fPIC -DPIC works
configure:14401: g++ -c -ggdb -O3 -D_ENABLE_FTRACE  -fPIC -DPIC -DPIC conftest.cpp >&5
configure:14405: $? = 0
configure:14418: result: yes
configure:14441: checking if g++ static flag -static works
configure:14469: result: yes
configure:14481: checking if g++ supports -c -o file.o
configure:14502: g++ -c -ggdb -O3 -D_ENABLE_FTRACE  -o out/conftest2.o conftest.cpp >&5
configure:14506: $? = 0
configure:14528: result: yes
configure:14533: checking if g++ supports -c -o file.o
configure:14580: result: yes
configure:14610: checking whether the g++ linker (/usr/bin/ld -m elf_x86_64) supports shared libraries
configure:14650: result: yes
configure:14791: checking dynamic linker characteristics
configure:15536: result: GNU/Linux ld.so
configure:15601: checking how to hardcode library paths into programs
configure:15626: result: immediate
configure:15854: checking for the pthreads library -lpthreads
configure:15887: gcc -o conftest -g -O2    conftest.c -lpthreads  >&5
conftest.c: In function 'main':
conftest.c:28:22: warning: null argument where non-null required (argument 1) [-Wnonnull]
   28 |                      pthread_attr_init(0); pthread_cleanup_push(0, 0);
      |                      ^~~~~~~~~~~~~~~~~
conftest.c:29:22: warning: null argument where non-null required (argument 1) [-Wnonnull]
   29 |                      pthread_create(0,0,0,0); pthread_cleanup_pop(0);
      |                      ^~~~~~~~~~~~~~
conftest.c:29:22: warning: null argument where non-null required (argument 3) [-Wnonnull]
/usr/bin/ld: cannot find -lpthreads
collect2: error: ld returned 1 exit status
configure:15887: $? = 1
configure: failed program was:
| /* confdefs.h */
| #define PACKAGE_NAME "n-store"
| #define PACKAGE_TARNAME "n-store"
| #define PACKAGE_VERSION "0.1"
| #define PACKAGE_STRING "n-store 0.1"
| #define PACKAGE_BUGREPORT "xyz@cs.cmu.edu"
| #define PACKAGE_URL ""
| #define PACKAGE "n-store"
| #define VERSION "0.1"
| #define STDC_HEADERS 1
| #define HAVE_SYS_TYPES_H 1
| #define HAVE_SYS_STAT_H 1
| #define HAVE_STDLIB_H 1
| #define HAVE_STRING_H 1
| #define HAVE_MEMORY_H 1
| #define HAVE_STRINGS_H 1
| #define HAVE_INTTYPES_H 1
| #define HAVE_STDINT_H 1
| #define HAVE_UNISTD_H 1
| #define HAVE_DLFCN_H 1
| #define LT_OBJDIR ".libs/"
| /* end confdefs.h.  */
| #include <pthread.h>
| int
| main ()
| {
| pthread_t th; pthread_join(th, 0);
|                      pthread_attr_init(0); pthread_cleanup_push(0, 0);
|                      pthread_create(0,0,0,0); pthread_cleanup_pop(0);
|   ;
|   return 0;
| }
configure:15896: result: no
configure:15799: checking whether pthreads work without any flags
configure:15887: gcc -o conftest -g -O2    conftest.c   >&5
conftest.c: In function 'main':
conftest.c:28:22: warning: null argument where non-null required (argument 1) [-Wnonnull]
   28 |                      pthread_attr_init(0); pthread_cleanup_push(0, 0);
      |                      ^~~~~~~~~~~~~~~~~
conftest.c:29:22: warning: null argument where non-null required (argument 1) [-Wnonnull]
   29 |                      pthread_create(0,0,0,0); pthread_cleanup_pop(0);
      |                      ^~~~~~~~~~~~~~
conftest.c:29:22: warning: null argument where non-null required (argument 3) [-Wnonnull]
/tmp/cctAPNY6.o: In function `main':
/home/aim/cwk/nstore-lsm/conftest.c:27: undefined reference to `pthread_join'
/home/aim/cwk/nstore-lsm/conftest.c:28: undefined reference to `__pthread_register_cancel'
/home/aim/cwk/nstore-lsm/conftest.c:29: undefined reference to `pthread_create'
/home/aim/cwk/nstore-lsm/conftest.c:29: undefined reference to `__pthread_unregister_cancel'
collect2: error: ld returned 1 exit status
configure:15887: $? = 1
configure: failed program was:
| /* confdefs.h */
| #define PACKAGE_NAME "n-store"
| #define PACKAGE_TARNAME "n-store"
| #define PACKAGE_VERSION "0.1"
| #define PACKAGE_STRING "n-store 0.1"
| #define PACKAGE_BUGREPORT "xyz@cs.cmu.edu"
| #define PACKAGE_URL ""
| #define PACKAGE "n-store"
| #define VERSION "0.1"
| #define STDC_HEADERS 1
| #define HAVE_SYS_TYPES_H 1
| #define HAVE_SYS_STAT_H 1
| #define HAVE_STDLIB_H 1
| #define HAVE_STRING_H 1
| #define HAVE_MEMORY_H 1
| #define HAVE_STRINGS_H 1
| #define HAVE_INTTYPES_H 1
| #define HAVE_STDINT_H 1
| #define HAVE_UNISTD_H 1
| #define HAVE_DLFCN_H 1
| #define LT_OBJDIR ".libs/"
| /* end confdefs.h.  */
| #include <pthread.h>
| int
| main ()
| {
| pthread_t th; pthread_join(th, 0);
|                      pthread_attr_init(0); pthread_cleanup_push(0, 0);
|                      pthread_create(0,0,0,0); pthread_cleanup_pop(0);
|   ;
|   return 0;
| }
configure:15896: result: no
configure:15804: checking whether pthreads work with -Kthread
configure:15887: gcc -o conftest -g -O2 -Kthread   conftest.c   >&5
gcc: error: unrecognized command line option '-Kthread'; did you mean '-pthread'?
configure:15887: $? = 1
configure: failed program was:
| /* confdefs.h */
| #define PACKAGE_NAME "n-store"
| #define PACKAGE_TARNAME "n-store"
| #define PACKAGE_VERSION "0.1"
| #define PACKAGE_STRING "n-store 0.1"
| #define PACKAGE_BUGREPORT "xyz@cs.cmu.edu"
| #define PACKAGE_URL ""
| #define PACKAGE "n-store"
| #define VERSION "0.1"
| #define STDC_HEADERS 1
| #define HAVE_SYS_TYPES_H 1
| #define HAVE_SYS_STAT_H 1
| #define HAVE_STDLIB_H 1
| #define HAVE_STRING_H 1
| #define HAVE_MEMORY_H 1
| #define HAVE_STRINGS_H 1
| #define HAVE_INTTYPES_H 1
| #define HAVE_STDINT_H 1
| #define HAVE_UNISTD_H 1
| #define HAVE_DLFCN_H 1
| #define LT_OBJDIR ".libs/"
| /* end confdefs.h.  */
| #include <pthread.h>
| int
| main ()
| {
| pthread_t th; pthread_join(th, 0);
|                      pthread_attr_init(0); pthread_cleanup_push(0, 0);
|                      pthread_create(0,0,0,0); pthread_cleanup_pop(0);
|   ;
|   return 0;
| }
configure:15896: result: no
configure:15804: checking whether pthreads work with -kthread
configure:15887: gcc -o conftest -g -O2 -kthread   conftest.c   >&5
gcc: error: unrecognized command line option '-kthread'; did you mean '-pthread'?
configure:15887: $? = 1
configure: failed program was:
| /* confdefs.h */
| #define PACKAGE_NAME "n-store"
| #define PACKAGE_TARNAME "n-store"
| #define PACKAGE_VERSION "0.1"
| #define PACKAGE_STRING "n-store 0.1"
| #define PACKAGE_BUGREPORT "xyz@cs.cmu.edu"
| #define PACKAGE_URL ""
| #define PACKAGE "n-store"
| #define VERSION "0.1"
| #define STDC_HEADERS 1
| #define HAVE_SYS_TYPES_H 1
| #define HAVE_SYS_STAT_H 1
| #define HAVE_STDLIB_H 1
| #define HAVE_STRING_H 1
| #define HAVE_MEMORY_H 1
| #define HAVE_STRINGS_H 1
| #define HAVE_INTTYPES_H 1
| #define HAVE_STDINT_H 1
| #define HAVE_UNISTD_H 1
| #define HAVE_DLFCN_H 1
| #define LT_OBJDIR ".libs/"
| /* end confdefs.h.  */
| #include <pthread.h>
| int
| main ()
| {
| pthread_t th; pthread_join(th, 0);
|                      pthread_attr_init(0); pthread_cleanup_push(0, 0);
|                      pthread_create(0,0,0,0); pthread_cleanup_pop(0);
|   ;
|   return 0;
| }
configure:15896: result: no
configure:15854: checking for the pthreads library -llthread
configure:15887: gcc -o conftest -g -O2    conftest.c -llthread  >&5
conftest.c: In function 'main':
conftest.c:28:22: warning: null argument where non-null required (argument 1) [-Wnonnull]
   28 |                      pthread_attr_init(0); pthread_cleanup_push(0, 0);
      |                      ^~~~~~~~~~~~~~~~~
conftest.c:29:22: warning: null argument where non-null required (argument 1) [-Wnonnull]
   29 |                      pthread_create(0,0,0,0); pthread_cleanup_pop(0);
      |                      ^~~~~~~~~~~~~~
conftest.c:29:22: warning: null argument where non-null required (argument 3) [-Wnonnull]
/usr/bin/ld: cannot find -llthread
collect2: error: ld returned 1 exit status
configure:15887: $? = 1
configure: failed program was:
| /* confdefs.h */
| #define PACKAGE_NAME "n-store"
| #define PACKAGE_TARNAME "n-store"
| #define PACKAGE_VERSION "0.1"
| #define PACKAGE_STRING "n-store 0.1"
| #define PACKAGE_BUGREPORT "xyz@cs.cmu.edu"
| #define PACKAGE_URL ""
| #define PACKAGE "n-store"
| #define VERSION "0.1"
| #define STDC_HEADERS 1
| #define HAVE_SYS_TYPES_H 1
| #define HAVE_SYS_STAT_H 1
| #define HAVE_STDLIB_H 1
| #define HAVE_STRING_H 1
| #define HAVE_MEMORY_H 1
| #define HAVE_STRINGS_H 1
| #define HAVE_INTTYPES_H 1
| #define HAVE_STDINT_H 1
| #define HAVE_UNISTD_H 1
| #define HAVE_DLFCN_H 1
| #define LT_OBJDIR ".libs/"
| /* end confdefs.h.  */
| #include <pthread.h>
| int
| main ()
| {
| pthread_t th; pthread_join(th, 0);
|                      pthread_attr_init(0); pthread_cleanup_push(0, 0);
|                      pthread_create(0,0,0,0); pthread_cleanup_pop(0);
|   ;
|   return 0;
| }
configure:15896: result: no
configure:15804: checking whether pthreads work with -pthread
configure:15887: gcc -o conftest -g -O2 -pthread   conftest.c   >&5
conftest.c: In function 'main':
conftest.c:28:22: warning: null argument where non-null required (argument 1) [-Wnonnull]
   28 |                      pthread_attr_init(0); pthread_cleanup_push(0, 0);
      |                      ^~~~~~~~~~~~~~~~~
conftest.c:29:22: warning: null argument where non-null required (argument 1) [-Wnonnull]
   29 |                      pthread_create(0,0,0,0); pthread_cleanup_pop(0);
      |                      ^~~~~~~~~~~~~~
conftest.c:29:22: warning: null argument where non-null required (argument 3) [-Wnonnull]
configure:15887: $? = 0
configure:15896: result: yes
configure:15915: checking for joinable pthread attribute
configure:15930: gcc -o conftest -g -O2 -pthread   conftest.c   >&5
configure:15930: $? = 0
configure:15936: result: PTHREAD_CREATE_JOINABLE
configure:15946: checking if more special flags are required for pthreads
configure:15953: result: no
configure:16042: checking whether to check for GCC pthread/shared inconsistencies
configure:16055: gcc -o conftest -shared -fPIC -Wl,-z,defs -g -O2 -pthread   conftest.c   >&5
configure:16055: $? = 0
configure:16067: result: yes
configure:16073: checking whether -pthread is sufficient with -shared
configure:16088: gcc -o conftest -shared -fPIC -Wl,-z,defs -g -O2 -pthread   conftest.c   >&5
conftest.c: In function 'main':
conftest.c:28:8: warning: null argument where non-null required (argument 1) [-Wnonnull]
   28 |        pthread_attr_init(0); pthread_cleanup_push(0, 0);
      |        ^~~~~~~~~~~~~~~~~
conftest.c:29:8: warning: null argument where non-null required (argument 1) [-Wnonnull]
   29 |        pthread_create(0,0,0,0); pthread_cleanup_pop(0);
      |        ^~~~~~~~~~~~~~
conftest.c:29:8: warning: null argument where non-null required (argument 3) [-Wnonnull]
configure:16088: $? = 0
configure:16095: result: yes
configure:16227: checking whether g++ supports C++11 features by default
configure:16261: g++ -c -ggdb -O3 -D_ENABLE_FTRACE  conftest.cpp >&5
configure:16261: $? = 0
configure:16268: result: yes
configure:16478: checking that generated files are newer than configure
configure:16484: result: done
configure:16511: creating ./config.status

## ---------------------- ##
## Running config.status. ##
## ---------------------- ##

This file was extended by n-store config.status 0.1, which was
generated by GNU Autoconf 2.69.  Invocation command line was

  CONFIG_FILES    = 
  CONFIG_HEADERS  = 
  CONFIG_LINKS    = 
  CONFIG_COMMANDS = 
  $ ./config.status 

on aim-PowerEdge-R740

config.status:1154: creating Makefile
config.status:1154: creating src/Makefile
config.status:1154: creating test/Makefile
config.status:1154: creating config.h
config.status:1335: config.h is unchanged
config.status:1383: executing depfiles commands
config.status:1383: executing libtool commands

## ---------------- ##
## Cache variables. ##
## ---------------- ##

ac_cv_build=x86_64-pc-linux-gnu
ac_cv_c_compiler_gnu=yes
ac_cv_cxx_compiler_gnu=yes
ac_cv_env_CCC_set=
ac_cv_env_CCC_value=
ac_cv_env_CC_set=
ac_cv_env_CC_value=
ac_cv_env_CFLAGS_set=
ac_cv_env_CFLAGS_value=
ac_cv_env_CPPFLAGS_set=
ac_cv_env_CPPFLAGS_value=
ac_cv_env_CPP_set=
ac_cv_env_CPP_value=
ac_cv_env_CXXCPP_set=
ac_cv_env_CXXCPP_value=
ac_cv_env_CXXFLAGS_set=
ac_cv_env_CXXFLAGS_value=
ac_cv_env_CXX_set=
ac_cv_env_CXX_value=
ac_cv_env_LDFLAGS_set=
ac_cv_env_LDFLAGS_value=
ac_cv_env_LIBS_set=
ac_cv_env_LIBS_value=
ac_cv_env_LT_SYS_LIBRARY_PATH_set=
ac_cv_env_LT_SYS_LIBRARY_PATH_value=
ac_cv_env_build_alias_set=
ac_cv_env_build_alias_value=
ac_cv_env_host_alias_set=
ac_cv_env_host_alias_value=
ac_cv_env_target_alias_set=
ac_cv_env_target_alias_value=
ac_cv_header_dlfcn_h=yes
ac_cv_header_inttypes_h=yes
ac_cv_header_memory_h=yes
ac_cv_header_stdc=yes
ac_cv_header_stdint_h=yes
ac_cv_header_stdlib_h=yes
ac_cv_header_string_h=yes
ac_cv_header_strings_h=yes
ac_cv_header_sys_stat_h=yes
ac_cv_header_sys_types_h=yes
ac_cv_header_unistd_h=yes
ac_cv_host=x86_64-pc-linux-gnu
ac_cv_objext=o
ac_cv_path_EGREP='/bin/grep -E'
ac_cv_path_FGREP='/bin/grep -F'
ac_cv_path_GREP=/bin/grep
ac_cv_path_SED=/bin/sed
ac_cv_path_install='/usr/bin/install -c'
ac_cv_path_lt_DD=/bin/dd
ac_cv_path_mkdir=/bin/mkdir
ac_cv_prog_AWK=gawk
ac_cv_prog_CPP='gcc -E'
ac_cv_prog_CXXCPP='g++ -E'
ac_cv_prog_ac_ct_AR=ar
ac_cv_prog_ac_ct_CC=gcc
ac_cv_prog_ac_ct_CXX=g++
ac_cv_prog_ac_ct_MANIFEST_TOOL=mt
ac_cv_prog_ac_ct_OBJDUMP=objdump
ac_cv_prog_ac_ct_RANLIB=ranlib
ac_cv_prog_ac_ct_STRIP=strip
ac_cv_prog_cc_c89=
ac_cv_prog_cc_g=yes
ac_cv_prog_cxx_g=yes
ac_cv_prog_make_make_set=yes
am_cv_CC_dependencies_compiler_type=gcc3
am_cv_CXX_dependencies_compiler_type=gcc3
am_cv_make_support_nested_variables=yes
am_cv_prog_cc_c_o=yes
ax_cv_cxx_compile_cxx11=yes
lt_cv_ar_at_file=@
lt_cv_archive_cmds_need_lc=no
lt_cv_deplibs_check_method=pass_all
lt_cv_file_magic_cmd='$MAGIC_CMD'
lt_cv_file_magic_test_file=
lt_cv_ld_reload_flag=-r
lt_cv_nm_interface='BSD nm'
lt_cv_objdir=.libs
lt_cv_path_LD=/usr/bin/ld
lt_cv_path_LDCXX='/usr/bin/ld -m elf_x86_64'
lt_cv_path_NM='/usr/bin/nm -B'
lt_cv_path_mainfest_tool=no
lt_cv_prog_compiler_c_o=yes
lt_cv_prog_compiler_c_o_CXX=yes
lt_cv_prog_compiler_pic='-fPIC -DPIC'
lt_cv_prog_compiler_pic_CXX='-fPIC -DPIC'
lt_cv_prog_compiler_pic_works=yes
lt_cv_prog_compiler_pic_works_CXX=yes
lt_cv_prog_compiler_rtti_exceptions=no
lt_cv_prog_compiler_static_works=yes
lt_cv_prog_compiler_static_works_CXX=yes
lt_cv_prog_gnu_ld=yes
lt_cv_prog_gnu_ldcxx=yes
lt_cv_sharedlib_from_linklib_cmd='printf %s\n'
lt_cv_shlibpath_overrides_runpath=yes
lt_cv_sys_global_symbol_pipe='sed -n -e '\''s/^.*[	 ]\([ABCDGIRSTW][ABCDGIRSTW]*\)[	 ][	 ]*\([_A-Za-z][_A-Za-z0-9]*\)$/\1 \2 \2/p'\'' | sed '\''/ __gnu_lto/d'\'''
lt_cv_sys_global_symbol_to_c_name_address='sed -n -e '\''s/^: \(.*\) .*$/  {"\1", (void *) 0},/p'\'' -e '\''s/^[ABCDGIRSTW][ABCDGIRSTW]* .* \(.*\)$/  {"\1", (void *) \&\1},/p'\'''
lt_cv_sys_global_symbol_to_c_name_address_lib_prefix='sed -n -e '\''s/^: \(.*\) .*$/  {"\1", (void *) 0},/p'\'' -e '\''s/^[ABCDGIRSTW][ABCDGIRSTW]* .* \(lib.*\)$/  {"\1", (void *) \&\1},/p'\'' -e '\''s/^[ABCDGIRSTW][ABCDGIRSTW]* .* \(.*\)$/  {"lib\1", (void *) \&\1},/p'\'''
lt_cv_sys_global_symbol_to_cdecl='sed -n -e '\''s/^T .* \(.*\)$/extern int \1();/p'\'' -e '\''s/^[ABCDGIRSTW][ABCDGIRSTW]* .* \(.*\)$/extern char \1;/p'\'''
lt_cv_sys_global_symbol_to_import=
lt_cv_sys_max_cmd_len=1572864
lt_cv_to_host_file_cmd=func_convert_file_noop
lt_cv_to_tool_file_cmd=func_convert_file_noop
lt_cv_truncate_bin='/bin/dd bs=4096 count=1'

## ----------------- ##
## Output variables. ##
## ----------------- ##

ACLOCAL='${SHELL} /home/aim/cwk/nstore-lsm/config/missing aclocal-1.15'
AMDEPBACKSLASH='\'
AMDEP_FALSE='#'
AMDEP_TRUE=''
AMTAR='$${TAR-tar}'
AM_BACKSLASH='\'
AM_DEFAULT_V='$(AM_DEFAULT_VERBOSITY)'
AM_DEFAULT_VERBOSITY='1'
AM_V='$(V)'
AR='ar'
AUTOCONF='${SHELL} /home/aim/cwk/nstore-lsm/config/missing autoconf'
AUTOHEADER='${SHELL} /home/aim/cwk/nstore-lsm/config/missing autoheader'
AUTOMAKE='${SHELL} /home/aim/cwk/nstore-lsm/config/missing automake-1.15'
AWK='gawk'
CC='gcc'
CCDEPMODE='depmode=gcc3'
CFLAGS='-g -O2'
CPP='gcc -E'
CPPFLAGS=''
CXX='g++'
CXXCPP='g++ -E'
CXXDEPMODE='depmode=gcc3'
CXXFLAGS='-ggdb -O3 -D_ENABLE_FTRACE'
CYGPATH_W='echo'
DEFS='-DHAVE_CONFIG_H'
DEPDIR='.deps'
DLLTOOL='false'
DSYMUTIL=''
DUMPBIN=''
ECHO_C=''
ECHO_N='-n'
ECHO_T=''
EGREP='/bin/grep -E'
EXEEXT=''
FGREP='/bin/grep -F'
GREP='/bin/grep'
HAVE_CXX11=''
INSTALL_DATA='${INSTALL} -m 644'
INSTALL_PROGRAM='${INSTALL}'
INSTALL_SCRIPT='${INSTALL}'
INSTALL_STRIP_PROGRAM='$(install_sh) -c -s'
LD='/usr/bin/ld -m elf_x86_64'
LDFLAGS=''
LIBOBJS=''
LIBS=''
LIBTOOL='$(SHELL) $(top_builddir)/libtool'
LIPO=''
LN_S='ln -s'
LTLIBOBJS=''
LT_SYS_LIBRARY_PATH=''
MAKEINFO='${SHELL} /home/aim/cwk/nstore-lsm/config/missing makeinfo'
MANIFEST_TOOL=':'
MKDIR_P='/bin/mkdir -p'
NM='/usr/bin/nm -B'
NMEDIT=''
OBJDUMP='objdump'
OBJEXT='o'
OTOOL64=''
OTOOL=''
PACKAGE='n-store'
PACKAGE_BUGREPORT='xyz@cs.cmu.edu'
PACKAGE_NAME='n-store'
PACKAGE_STRING='n-store 0.1'
PACKAGE_TARNAME='n-store'
PACKAGE_URL=''
PACKAGE_VERSION='0.1'
PATH_SEPARATOR=':'
PTHREAD_CC='gcc'
PTHREAD_CFLAGS='-pthread'
PTHREAD_LIBS=''
RANLIB='ranlib'
SED='/bin/sed'
SET_MAKE=''
SHELL='/bin/bash'
STRIP='strip'
VERSION='0.1'
ac_ct_AR='ar'
ac_ct_CC='gcc'
ac_ct_CXX='g++'
ac_ct_DUMPBIN=''
acx_pthread_config=''
am__EXEEXT_FALSE=''
am__EXEEXT_TRUE='#'
am__fastdepCC_FALSE='#'
am__fastdepCC_TRUE=''
am__fastdepCXX_FALSE='#'
am__fastdepCXX_TRUE=''
am__include='include'
am__isrc=''
am__leading_dot='.'
am__nodep='_no'
am__quote=''
am__tar='$${TAR-tar} chof - "$$tardir"'
am__untar='$${TAR-tar} xf -'
bindir='${exec_prefix}/bin'
build='x86_64-pc-linux-gnu'
build_alias=''
build_cpu='x86_64'
build_os='linux-gnu'
build_vendor='pc'
datadir='${datarootdir}'
datarootdir='${prefix}/share'
docdir='${datarootdir}/doc/${PACKAGE_TARNAME}'
dvidir='${docdir}'
exec_prefix='${prefix}'
host='x86_64-pc-linux-gnu'
host_alias=''
host_cpu='x86_64'
host_os='linux-gnu'
host_vendor='pc'
htmldir='${docdir}'
includedir='${prefix}/include'
infodir='${datarootdir}/info'
install_sh='${SHELL} /home/aim/cwk/nstore-lsm/config/install-sh'
libdir='${exec_prefix}/lib'
libexecdir='${exec_prefix}/libexec'
localedir='${datarootdir}/locale'
localstatedir='${prefix}/var'
mandir='${datarootdir}/man'
mkdir_p='$(MKDIR_P)'
oldincludedir='/usr/include'
pdfdir='${docdir}'
prefix='/usr/local'
program_transform_name='s,x,x,'
psdir='${docdir}'
sbindir='${exec_prefix}/sbin'
sharedstatedir='${prefix}/com'
sysconfdir='${prefix}/etc'
target_alias=''

## ----------- ##
## confdefs.h. ##
## ----------- ##

/* confdefs.h */
#define PACKAGE_NAME "n-store"
#define PACKAGE_TARNAME "n-store"
#define PACKAGE_VERSION "0.1"
#define PACKAGE_STRING "n-store 0.1"
#define PACKAGE_BUGREPORT "xyz@cs.cmu.edu"
#define PACKAGE_URL ""
#define PACKAGE "n-store"
#define VERSION "0.1"
#define STDC_HEADERS 1
#define HAVE_SYS_TYPES_H 1
#define HAVE_SYS_STAT_H 1
#define HAVE_STDLIB_H 1
#define HAVE_STRING_H 1
#define HAVE_MEMORY_H 1
#define HAVE_STRINGS_H 1
#define HAVE_INTTYPES_H 1
#define HAVE_STDINT_H 1
#define HAVE_UNISTD_H 1
#define HAVE_DLFCN_H 1
#define LT_OBJDIR ".libs/"
#define HAVE_PTHREAD 1

configure: exit 0
